<?xml version="1.0" encoding="UTF-8"?>
<!-- Generated by org.testng.reporters.JUnitXMLReporter -->
<testsuite hostname="DESKTOP-250U10H" ignored="0" name="Test" tests="2" failures="1" timestamp="2020-06-30T08:47:06 EDT" time="35.23" errors="0">
  <testcase name="verifyLogin" time="7.062" classname="com.qa.testcases.LoginTest"/>
  <testcase name="verifyLogin" time="2.688" classname="com.qa.testcases.LoginTest">
    <failure type="java.lang.AssertionError" message="Title does not match expected [Find a Flight: Mercury Tours:] but found [Sign-on: Mercury Tours]">
      <![CDATA[java.lang.AssertionError: Title does not match expected [Find a Flight: Mercury Tours:] but found [Sign-on: Mercury Tours]
at com.qa.testcases.LoginTest.verifyLogin(LoginTest.java:46)
at java.util.ArrayList.forEach(ArrayList.java:1249)
... Removed 31 stack frames]]>
    </failure>
  </testcase> <!-- verifyLogin -->
</testsuite> <!-- Test -->
